/COM,ANSYS RELEASE 2024 R1           BUILD 24.1      UP20231106       09:32:31

 *** WARNING ***                         CP =       2.766   TIME= 09:32:33
 Element shape checking is currently inactive.  Issue SHPP,ON or         
 SHPP,WARN to reactivate, if desired.                                    

 *** WARNING ***                         CP =       3.641   TIME= 09:32:33
 Material number 38 (used by element 90053) should normally have at      
 least one MP or one TB type command associated with it.  Output of      
 energy by material may not be available.                                

 *** WARNING ***                         CP =       6.500   TIME= 09:32:35
 Overconstraint may occur for Lagrange multiplier or MPC based contact   
 algorithm.                                                              

 *** WARNING ***                         CP =       6.500   TIME= 09:32:35
 Certain contact elements (for example 89616 & 78771) overlap with       
 other.                                                                  

 *** WARNING ***                         CP =       9.828   TIME= 09:32:37
 Overconstraint may occur for Lagrange multiplier or MPC based contact   
 algorithm.                                                              

 *** WARNING ***                         CP =       9.828   TIME= 09:32:37
 Certain contact elements (for example 89616 & 78771) overlap with       
 other.                                                                  
