C51 COMPILER V9.01   5_2                                                                   10/22/2024 21:30:26 PAGE 1   


C51 COMPILER V9.01, COMPILATION OF MODULE 5_2
OBJECT MODULE PLACED IN 5-2.OBJ
COMPILER INVOKED BY: D:\Download\Keil4\C51\BIN\C51.EXE 5-2.c BROWSE DEBUG OBJECTEXTEND

line level    source

   1          #include <reg51.h>
   2          #include <absacc.h>
   3          void main()
   4          {
   5   1        char xdata i=0;
   6   1        while(i<=0x100)
   7   1        {
   8   2        XBYTE[0x5000+i]=0x41;
   9   2        i++;
  10   2        }
  11   1      }


MODULE INFORMATION:   STATIC OVERLAYABLE
   CODE SIZE        =     52    ----
   CONSTANT SIZE    =   ----    ----
   XDATA SIZE       =   ----       1
   PDATA SIZE       =   ----    ----
   DATA SIZE        =   ----    ----
   IDATA SIZE       =   ----    ----
   BIT SIZE         =   ----    ----
END OF MODULE INFORMATION.


C51 COMPILATION COMPLETE.  0 WARNING(S),  0 ERROR(S)
