C51 COMPILER V9.01   5_4                                                                   10/22/2024 22:09:17 PAGE 1   


C51 COMPILER V9.01, COMPILATION OF MODULE 5_4
OBJECT MODULE PLACED IN 5-4.OBJ
COMPILER INVOKED BY: D:\Download\Keil4\C51\BIN\C51.EXE 5-4.c BROWSE DEBUG OBJECTEXTEND

line level    source

   1          #include <reg51.h>
   2          #include <absacc.h>
   3          
   4          void main()
   5          {
   6   1       unsigned char data a;
   7   1       unsigned char b,c,d;
   8   1       DBYTE[0x40]=0xBD;
   9   1      
  10   1       a=DBYTE[0x40];
  11   1       b=a/100;
  12   1       c=(a-b*100)/10;
  13   1       d=a-b*100-c*10;
  14   1      
  15   1       DBYTE[0x30]=b;
  16   1       DBYTE[0x31]=c;
  17   1       DBYTE[0x32]=d;
  18   1      
  19   1      }


MODULE INFORMATION:   STATIC OVERLAYABLE
   CODE SIZE        =     60    ----
   CONSTANT SIZE    =   ----    ----
   XDATA SIZE       =   ----    ----
   PDATA SIZE       =   ----    ----
   DATA SIZE        =   ----    ----
   IDATA SIZE       =   ----    ----
   BIT SIZE         =   ----    ----
END OF MODULE INFORMATION.


C51 COMPILATION COMPLETE.  0 WARNING(S),  0 ERROR(S)
