C51 COMPILER V9.01   6_10                                                                  10/28/2024 21:14:44 PAGE 1   


C51 COMPILER V9.01, COMPILATION OF MODULE 6_10
OBJECT MODULE PLACED IN 6-10.OBJ
COMPILER INVOKED BY: D:\Download\Keil4\C51\BIN\C51.EXE 6-10.c BROWSE DEBUG OBJECTEXTEND

line level    source

   1          #include <reg51.h>
   2          
   3          unsigned char a=0;
   4          sbit led=P1^0;
   5          
   6          void main()
   7          {
   8   1        TMOD=0x15;
   9   1        TH0=(65536-5000)/256;
  10   1        TL0=(65536-5000)%256;
  11   1        TH1=(65536-46083)/256;
  12   1        TL1=(65536-46083)%256;
  13   1      
  14   1        EA=1;
  15   1        ET0=1;
  16   1        ET1=1;
  17   1        PT0=1;
  18   1        TR0=1; 
  19   1      
  20   1        while(1)
  21   1        {
  22   2          if(a==8)
  23   2              {
  24   3                led=1;
  25   3                a=0;
  26   3                TR0=0;
  27   3                TR1=0;
  28   3              }
  29   2        }
  30   1      }
  31          
  32          void t0int(void) interrupt 1
  33          {
  34   1        TR1=1;
  35   1        led=0;
  36   1        TH0=(65536-5000)/256;
  37   1        TL0=(65536-5000)%256;  
  38   1      }
  39          
  40          void t1int(void) interrupt 3
  41          {
  42   1        a++;
  43   1        TH1=(65536-46083)/256;
  44   1        TL1=(65536-46083)%256;
  45   1      }


MODULE INFORMATION:   STATIC OVERLAYABLE
   CODE SIZE        =     61    ----
   CONSTANT SIZE    =   ----    ----
   XDATA SIZE       =   ----    ----
   PDATA SIZE       =   ----    ----
   DATA SIZE        =      1    ----
   IDATA SIZE       =   ----    ----
   BIT SIZE         =   ----    ----
C51 COMPILER V9.01   6_10                                                                  10/28/2024 21:14:44 PAGE 2   

END OF MODULE INFORMATION.


C51 COMPILATION COMPLETE.  0 WARNING(S),  0 ERROR(S)
