C51 COMPILER V9.01   6_7                                                                   10/28/2024 21:54:24 PAGE 1   


C51 COMPILER V9.01, COMPILATION OF MODULE 6_7
OBJECT MODULE PLACED IN 6-7.OBJ
COMPILER INVOKED BY: D:\Download\Keil4\C51\BIN\C51.EXE 6-7.c BROWSE DEBUG OBJECTEXTEND

line level    source

   1          #include <reg51.h>
   2          #include <intrins.h>
   3          
   4          unsigned char a;
   5          //sbit led=P1^0;
   6          
   7          void main() 
   8          {
   9   1              a=0x7F;
  10   1          EA=1;
  11   1          IT0=1;
  12   1          EX0=1;
  13   1          while(1);
  14   1      }
  15          
  16          void External_Interrupt0(void) interrupt 0 
  17          {
  18   1          a=_crol_(a,1);
  19   1          P1=a;
  20   1      }


MODULE INFORMATION:   STATIC OVERLAYABLE
   CODE SIZE        =     46    ----
   CONSTANT SIZE    =   ----    ----
   XDATA SIZE       =   ----    ----
   PDATA SIZE       =   ----    ----
   DATA SIZE        =      1    ----
   IDATA SIZE       =   ----    ----
   BIT SIZE         =   ----    ----
END OF MODULE INFORMATION.


C51 COMPILATION COMPLETE.  0 WARNING(S),  0 ERROR(S)
