C51 COMPILER V9.01   6_8                                                                   10/28/2024 18:33:41 PAGE 1   


C51 COMPILER V9.01, COMPILATION OF MODULE 6_8
OBJECT MODULE PLACED IN 6-8.OBJ
COMPILER INVOKED BY: D:\Download\Keil4\C51\BIN\C51.EXE 6-8.c BROWSE DEBUG OBJECTEXTEND

line level    source

   1          #include <reg51.h>
   2          
   3          sbit op=P1^0;
   4          unsigned char a=0;
   5          
   6          void main() 
   7          {
   8   1          TMOD=0;
   9   1          TH1=(8192-50)/32; 
  10   1          TL1=(8192-50)%32;
  11   1          EA=1;
  12   1          ET1=1;
  13   1          TR1=1;
  14   1      
  15   1          while (1) 
  16   1          {
  17   2              if (a<=15) 
  18   2                      {op=1;} 
  19   2                      else if (a<=20) 
  20   2                      {op=0;} 
  21   2                      else 
  22   2                      {a=0;}
  23   2          }
  24   1      }
  25          
  26          void timer1(void) interrupt 3 
  27          {
  28   1          a++;
  29   1          TH1=(8192-50)/32;
  30   1          TL1=(8192-50)%32;
  31   1      }


MODULE INFORMATION:   STATIC OVERLAYABLE
   CODE SIZE        =     51    ----
   CONSTANT SIZE    =   ----    ----
   XDATA SIZE       =   ----    ----
   PDATA SIZE       =   ----    ----
   DATA SIZE        =      1    ----
   IDATA SIZE       =   ----    ----
   BIT SIZE         =   ----    ----
END OF MODULE INFORMATION.


C51 COMPILATION COMPLETE.  0 WARNING(S),  0 ERROR(S)
