/COM,ANSYS RELEASE 2024 R1           BUILD 24.1      UP20231106       13:33:57

 *** WARNING ***                         CP =       1.484   TIME= 13:33:59
 Element shape checking is currently inactive.  Issue SHPP,ON or         
 SHPP,WARN to reactivate, if desired.                                    

 *** WARNING ***                         CP =       1.641   TIME= 13:33:59
 Material number 72 (used by element 30657) should normally have at      
 least one MP or one TB type command associated with it.  Output of      
 energy by material may not be available.                                

 *** WARNING ***                         CP =       3.078   TIME= 13:33:59
 Overconstraint may occur for Lagrange multiplier or MPC based contact   
 algorithm.                                                              

 *** WARNING ***                         CP =       3.078   TIME= 13:33:59
 Certain contact elements (for example 30528 & 29780) overlap with       
 other.                                                                  

 *** WARNING ***                         CP =       4.922   TIME= 13:34:00
 Overconstraint may occur for Lagrange multiplier or MPC based contact   
 algorithm.                                                              

 *** WARNING ***                         CP =       4.922   TIME= 13:34:00
 Certain contact elements (for example 30528 & 29780) overlap with       
 other.                                                                  
