C51 COMPILER V9.01   TEXT1                                                                 10/31/2024 16:37:50 PAGE 1   


C51 COMPILER V9.01, COMPILATION OF MODULE TEXT1
OBJECT MODULE PLACED IN text1.OBJ
COMPILER INVOKED BY: D:\Download\Keil4\C51\BIN\C51.EXE text1.c BROWSE DEBUG OBJECTEXTEND

line level    source

   1          #include <reg51.h>
   2          #include <absacc.h>
   3          
   4          #define uchar unsigned char
   5          uchar xdata i=0;
   6          
   7          void main()
   8          {
   9   1      
  10   1        while(i<0x20)
  11   1        {
  12   2          XBYTE[0x2000+i]=0x10;
  13   2              i++;
  14   2        }
  15   1      
  16   1      }


MODULE INFORMATION:   STATIC OVERLAYABLE
   CODE SIZE        =     31    ----
   CONSTANT SIZE    =   ----    ----
   XDATA SIZE       =      1    ----
   PDATA SIZE       =   ----    ----
   DATA SIZE        =   ----    ----
   IDATA SIZE       =   ----    ----
   BIT SIZE         =   ----    ----
END OF MODULE INFORMATION.


C51 COMPILATION COMPLETE.  0 WARNING(S),  0 ERROR(S)
