C51 COMPILER V9.01   TEXT3                                                                 10/31/2024 21:09:44 PAGE 1   


C51 COMPILER V9.01, COMPILATION OF MODULE TEXT3
OBJECT MODULE PLACED IN text3.OBJ
COMPILER INVOKED BY: D:\Download\Keil4\C51\BIN\C51.EXE text3.c BROWSE DEBUG OBJECTEXTEND

line level    source

   1          #include <reg51.h>
   2          #include <intrins.h>
   3          
   4          #define led P1
   5          
   6          void delays(unsigned int x)
   7          {
   8   1        unsigned int i,j,k;
   9   1        for(k=x;k>0;k--)
  10   1          for(i=1000;i>0;i--)
  11   1            for(j=115;j>0;j--);
  12   1      
  13   1      }
  14          
  15          void main()
  16          {
  17   1        unsigned char a;
  18   1        led=0xAA;
  19   1        for(a=8;a>0;a--)
  20   1        {
  21   2          delays(1);
  22   2          led=~led;
  23   2        }  
  24   1      }


MODULE INFORMATION:   STATIC OVERLAYABLE
   CODE SIZE        =     61    ----
   CONSTANT SIZE    =   ----    ----
   XDATA SIZE       =   ----    ----
   PDATA SIZE       =   ----    ----
   DATA SIZE        =   ----    ----
   IDATA SIZE       =   ----    ----
   BIT SIZE         =   ----    ----
END OF MODULE INFORMATION.


C51 COMPILATION COMPLETE.  0 WARNING(S),  0 ERROR(S)
